{"/Users/adityasingh/Desktop/jest-basics/functions.js": {"path":"/Users/adityasingh/Desktop/jest-basics/functions.js","statementMap":{"0":{"start":{"line":1,"column":18},"end":{"line":6,"column":1}},"1":{"start":{"line":2,"column":17},"end":{"line":2,"column":22}},"2":{"start":{"line":3,"column":22},"end":{"line":3,"column":27}},"3":{"start":{"line":4,"column":22},"end":{"line":4,"column":27}},"4":{"start":{"line":5,"column":20},"end":{"line":5,"column":25}},"5":{"start":{"line":8,"column":0},"end":{"line":8,"column":27}}},"fnMap":{"0":{"name":"(anonymous_0)","decl":{"start":{"line":2,"column":7},"end":{"line":2,"column":8}},"loc":{"start":{"line":2,"column":17},"end":{"line":2,"column":22}},"line":2},"1":{"name":"(anonymous_1)","decl":{"start":{"line":3,"column":12},"end":{"line":3,"column":13}},"loc":{"start":{"line":3,"column":22},"end":{"line":3,"column":27}},"line":3},"2":{"name":"(anonymous_2)","decl":{"start":{"line":4,"column":12},"end":{"line":4,"column":13}},"loc":{"start":{"line":4,"column":22},"end":{"line":4,"column":27}},"line":4},"3":{"name":"(anonymous_3)","decl":{"start":{"line":5,"column":10},"end":{"line":5,"column":11}},"loc":{"start":{"line":5,"column":20},"end":{"line":5,"column":25}},"line":5}},"branchMap":{},"s":{"0":1,"1":2,"2":0,"3":0,"4":0,"5":1},"f":{"0":2,"1":0,"2":0,"3":0},"b":{},"_coverageSchema":"1a1c01bbd47fc00a2c39e90264f33305004495a9","hash":"f8f0cdffd35d015cefae37f6d29a3220115094e5"}
}
